<?xml version="1.0" encoding="UTF-8"?>
<testng-results ignored="0" total="1" passed="1" failed="0" skipped="0">
  <reporter-output>
  </reporter-output>
  <suite started-at="2022-04-18T14:09:07 EDT" name="Default suite" finished-at="2022-04-18T14:09:07 EDT" duration-ms="51">
    <groups>
    </groups>
    <test started-at="2022-04-18T14:09:07 EDT" name="Default test" finished-at="2022-04-18T14:09:07 EDT" duration-ms="51">
      <class name="CarTests">
        <test-method signature="canBuildCar()[pri:0, instance:CarTests@e50a6f6]" started-at="2022-04-18T14:09:07 EDT" name="canBuildCar" finished-at="2022-04-18T14:09:07 EDT" duration-ms="17" status="PASS">
          <reporter-output>
          </reporter-output>
        </test-method> <!-- canBuildCar -->
      </class> <!-- CarTests -->
    </test> <!-- Default test -->
  </suite> <!-- Default suite -->
</testng-results>
